<?xml version="1.0" encoding="UTF-8"?>
<!-- Generated by org.testng.reporters.JUnitReportReporter -->
<testsuite hostname="DESKTOP-P53AVDF" failures="0" tests="3" name="MyTests.FirstSeleniumScript" time="2.698" errors="0" timestamp="2024-04-24T15:15:28 EDT" skipped="0">
  <testcase classname="MyTests.FirstSeleniumScript" name="dataProviderTest" time="2.383"/>
  <system-out/>
  <testcase classname="MyTests.FirstSeleniumScript" name="dataProviderTest" time="0.171"/>
  <system-out/>
  <testcase classname="MyTests.FirstSeleniumScript" name="dataProviderTest" time="0.144"/>
  <system-out/>
</testsuite> <!-- MyTests.FirstSeleniumScript -->
