<?xml version="1.0" encoding="UTF-8"?>
<!-- Generated by org.testng.reporters.JUnitReportReporter -->
<testsuite hostname="DESKTOP-P53AVDF" failures="0" tests="1" name="FirstSeleniumScript" time="5.727" errors="0" timestamp="2024-04-17T13:17:47 EDT" skipped="0">
  <testcase classname="FirstSeleniumScript" name="demo1" time="5.727"/>
  <system-out/>
</testsuite> <!-- FirstSeleniumScript -->
