<?xml version="1.0" encoding="UTF-8"?>
<!-- Generated by org.testng.reporters.JUnitReportReporter -->
<testsuite hostname="DESKTOP-P53AVDF" failures="0" tests="2" name="MyTests.FirstSeleniumScript" time="1.781" errors="0" timestamp="2024-04-29T16:54:29 EDT" skipped="0">
  <testcase classname="MyTests.FirstSeleniumScript" name="demo0" time="0.717"/>
  <system-out/>
  <testcase classname="MyTests.FirstSeleniumScript" name="demo0" time="1.064"/>
  <system-out/>
</testsuite> <!-- MyTests.FirstSeleniumScript -->
